c:\users\schneidl.wsl\source\repos\skippy_interface\x64\debug\vc142.pdb
c:\users\schneidl.wsl\source\repos\skippy_interface\x64\debug\vc142.idb
c:\users\schneidl.wsl\source\repos\skippy_interface\x64\debug\text.obj
c:\users\schneidl.wsl\source\repos\skippy_interface\x64\debug\propertyvaluetable.obj
c:\users\schneidl.wsl\source\repos\skippy_interface\x64\debug\connectioninfo.obj
c:\users\schneidl.wsl\source\repos\skippy_interface\x64\debug\dllmain.obj
c:\users\schneidl.wsl\source\repos\skippy_interface\x64\debug\cameradevice.obj
c:\users\schneidl.wsl\source\repos\skippy_interface\x64\debug\skippy_interface.dll
c:\users\schneidl.wsl\source\repos\skippy_interface\x64\debug\skippy_interface.ilk
c:\users\schneidl.wsl\source\repos\skippy_interface\x64\debug\skippy_interface.pdb
c:\users\snow\source\repos\skippy_interface\x64\debug\skippy_interface.lib
c:\users\snow\source\repos\skippy_interface\x64\debug\skippy_interface.exp
c:\users\schneidl.wsl\source\repos\skippy_interface\x64\debug\skippy_interface.lib
c:\users\schneidl.wsl\source\repos\skippy_interface\x64\debug\skippy_interface.exp
c:\users\schneidl.wsl\source\repos\skippy_interface\x64\debug\skippy_interface.tlog\cl.command.1.tlog
c:\users\schneidl.wsl\source\repos\skippy_interface\x64\debug\skippy_interface.tlog\cl.read.1.tlog
c:\users\schneidl.wsl\source\repos\skippy_interface\x64\debug\skippy_interface.tlog\cl.write.1.tlog
c:\users\schneidl.wsl\source\repos\skippy_interface\x64\debug\skippy_interface.tlog\link.command.1.tlog
c:\users\schneidl.wsl\source\repos\skippy_interface\x64\debug\skippy_interface.tlog\link.delete.1.tlog
c:\users\schneidl.wsl\source\repos\skippy_interface\x64\debug\skippy_interface.tlog\link.read.1.tlog
c:\users\schneidl.wsl\source\repos\skippy_interface\x64\debug\skippy_interface.tlog\link.write.1.tlog
c:\users\schneidl.wsl\source\repos\skippy_interface\x64\debug\skippy_interface.tlog\skippy_interface.write.1u.tlog
